<?xml version="1.0" encoding="UTF-8"?>
<testng-results ignored="0" total="5" passed="0" failed="0" skipped="5">
  <reporter-output>
  </reporter-output>
  <suite started-at="2024-12-20T09:29:43 IST" name="Suite" finished-at="2024-12-20T09:29:43 IST" duration-ms="566">
    <groups>
    </groups>
    <test started-at="2024-12-20T09:29:43 IST" name="EdgeTest" finished-at="2024-12-20T09:29:43 IST" duration-ms="106">
      <class name="testClasses.ManageUserTestClass">
        <test-method is-config="true" signature="createReport(org.testng.ITestContext)[pri:0, instance:testClasses.ManageUserTestClass@2dca0d64]" started-at="2024-12-20T09:29:43 IST" name="createReport" finished-at="1970-01-01T05:30:00 IST" duration-ms="-1734667183102" status="FAIL">
          <exception class="org.testng.TestNGException">
            <message>
              <![CDATA[
Native Injection is NOT supported for @BeforeSuite annotated createReport.
For more information on native dependency injection please refer to https://testng.org/#_dependency_injection]]>
            </message>
            <full-stacktrace>
              <![CDATA[org.testng.TestNGException: 
Native Injection is NOT supported for @BeforeSuite annotated createReport.
For more information on native dependency injection please refer to https://testng.org/#_dependency_injection
at org.testng.internal.Parameters.checkParameterTypes(Parameters.java:442)
at org.testng.internal.Parameters.createParametersForMethod(Parameters.java:347)
at org.testng.internal.Parameters.createParameters(Parameters.java:699)
at org.testng.internal.Parameters.createConfigurationParameters(Parameters.java:163)
at org.testng.internal.invokers.ConfigInvoker.invokeConfigurations(ConfigInvoker.java:313)
at org.testng.SuiteRunner.privateRun(SuiteRunner.java:358)
at org.testng.SuiteRunner.run(SuiteRunner.java:312)
at org.testng.SuiteRunnerWorker.runSuite(SuiteRunnerWorker.java:52)
at org.testng.SuiteRunnerWorker.run(SuiteRunnerWorker.java:95)
at org.testng.TestNG.runSuitesSequentially(TestNG.java:1274)
at org.testng.TestNG.runSuitesLocally(TestNG.java:1208)
at org.testng.TestNG.runSuites(TestNG.java:1112)
at org.testng.TestNG.run(TestNG.java:1079)
at org.testng.remote.AbstractRemoteTestNG.run(AbstractRemoteTestNG.java:115)
at org.testng.remote.RemoteTestNG.initAndRun(RemoteTestNG.java:293)
at org.testng.remote.RemoteTestNG.main(RemoteTestNG.java:91)
]]>
            </full-stacktrace>
          </exception> <!-- org.testng.TestNGException -->
          <reporter-output>
          </reporter-output>
        </test-method> <!-- createReport -->
        <test-method is-config="true" signature="beforeClass(java.lang.String)[pri:0, instance:testClasses.ManageUserTestClass@2dca0d64]" started-at="2024-12-20T09:29:43 IST" name="beforeClass" finished-at="2024-12-20T09:29:43 IST" duration-ms="0" status="SKIP">
          <reporter-output>
          </reporter-output>
        </test-method> <!-- beforeClass -->
        <test-method is-config="true" signature="beforeMethod()[pri:0, instance:testClasses.ManageUserTestClass@2dca0d64]" started-at="2024-12-20T09:29:43 IST" name="beforeMethod" finished-at="2024-12-20T09:29:43 IST" duration-ms="0" status="SKIP">
          <reporter-output>
          </reporter-output>
        </test-method> <!-- beforeMethod -->
        <test-method signature="addANewUser()[pri:0, instance:testClasses.ManageUserTestClass@2dca0d64]" started-at="2024-12-20T09:29:43 IST" name="addANewUser" finished-at="2024-12-20T09:29:43 IST" duration-ms="0" status="SKIP">
          <exception class="org.testng.TestNGException">
            <message>
              <![CDATA[
Native Injection is NOT supported for @BeforeSuite annotated createReport.
For more information on native dependency injection please refer to https://testng.org/#_dependency_injection]]>
            </message>
            <full-stacktrace>
              <![CDATA[org.testng.TestNGException: 
Native Injection is NOT supported for @BeforeSuite annotated createReport.
For more information on native dependency injection please refer to https://testng.org/#_dependency_injection
at org.testng.internal.Parameters.checkParameterTypes(Parameters.java:442)
at org.testng.internal.Parameters.createParametersForMethod(Parameters.java:347)
at org.testng.internal.Parameters.createParameters(Parameters.java:699)
at org.testng.internal.Parameters.createConfigurationParameters(Parameters.java:163)
at org.testng.internal.invokers.ConfigInvoker.invokeConfigurations(ConfigInvoker.java:313)
at org.testng.SuiteRunner.privateRun(SuiteRunner.java:358)
at org.testng.SuiteRunner.run(SuiteRunner.java:312)
at org.testng.SuiteRunnerWorker.runSuite(SuiteRunnerWorker.java:52)
at org.testng.SuiteRunnerWorker.run(SuiteRunnerWorker.java:95)
at org.testng.TestNG.runSuitesSequentially(TestNG.java:1274)
at org.testng.TestNG.runSuitesLocally(TestNG.java:1208)
at org.testng.TestNG.runSuites(TestNG.java:1112)
at org.testng.TestNG.run(TestNG.java:1079)
at org.testng.remote.AbstractRemoteTestNG.run(AbstractRemoteTestNG.java:115)
at org.testng.remote.RemoteTestNG.initAndRun(RemoteTestNG.java:293)
at org.testng.remote.RemoteTestNG.main(RemoteTestNG.java:91)
]]>
            </full-stacktrace>
          </exception> <!-- org.testng.TestNGException -->
          <reporter-output>
          </reporter-output>
        </test-method> <!-- addANewUser -->
        <test-method is-config="true" signature="afterMethod()[pri:0, instance:testClasses.ManageUserTestClass@2dca0d64]" started-at="2024-12-20T09:29:43 IST" name="afterMethod" finished-at="2024-12-20T09:29:43 IST" duration-ms="0" status="SKIP">
          <reporter-output>
          </reporter-output>
        </test-method> <!-- afterMethod -->
        <test-method is-config="true" signature="beforeMethod()[pri:0, instance:testClasses.ManageUserTestClass@2dca0d64]" started-at="2024-12-20T09:29:43 IST" name="beforeMethod" finished-at="2024-12-20T09:29:43 IST" duration-ms="0" status="SKIP">
          <reporter-output>
          </reporter-output>
        </test-method> <!-- beforeMethod -->
        <test-method signature="verifyTheManageUsersPageIsOpenWhileClickingOnUsers()[pri:0, instance:testClasses.ManageUserTestClass@2dca0d64]" started-at="2024-12-20T09:29:43 IST" name="verifyTheManageUsersPageIsOpenWhileClickingOnUsers" finished-at="2024-12-20T09:29:43 IST" duration-ms="0" status="SKIP">
          <exception class="org.testng.TestNGException">
            <message>
              <![CDATA[
Native Injection is NOT supported for @BeforeSuite annotated createReport.
For more information on native dependency injection please refer to https://testng.org/#_dependency_injection]]>
            </message>
            <full-stacktrace>
              <![CDATA[org.testng.TestNGException: 
Native Injection is NOT supported for @BeforeSuite annotated createReport.
For more information on native dependency injection please refer to https://testng.org/#_dependency_injection
at org.testng.internal.Parameters.checkParameterTypes(Parameters.java:442)
at org.testng.internal.Parameters.createParametersForMethod(Parameters.java:347)
at org.testng.internal.Parameters.createParameters(Parameters.java:699)
at org.testng.internal.Parameters.createConfigurationParameters(Parameters.java:163)
at org.testng.internal.invokers.ConfigInvoker.invokeConfigurations(ConfigInvoker.java:313)
at org.testng.SuiteRunner.privateRun(SuiteRunner.java:358)
at org.testng.SuiteRunner.run(SuiteRunner.java:312)
at org.testng.SuiteRunnerWorker.runSuite(SuiteRunnerWorker.java:52)
at org.testng.SuiteRunnerWorker.run(SuiteRunnerWorker.java:95)
at org.testng.TestNG.runSuitesSequentially(TestNG.java:1274)
at org.testng.TestNG.runSuitesLocally(TestNG.java:1208)
at org.testng.TestNG.runSuites(TestNG.java:1112)
at org.testng.TestNG.run(TestNG.java:1079)
at org.testng.remote.AbstractRemoteTestNG.run(AbstractRemoteTestNG.java:115)
at org.testng.remote.RemoteTestNG.initAndRun(RemoteTestNG.java:293)
at org.testng.remote.RemoteTestNG.main(RemoteTestNG.java:91)
]]>
            </full-stacktrace>
          </exception> <!-- org.testng.TestNGException -->
          <reporter-output>
          </reporter-output>
        </test-method> <!-- verifyTheManageUsersPageIsOpenWhileClickingOnUsers -->
        <test-method is-config="true" signature="afterMethod()[pri:0, instance:testClasses.ManageUserTestClass@2dca0d64]" started-at="2024-12-20T09:29:43 IST" name="afterMethod" finished-at="2024-12-20T09:29:43 IST" duration-ms="0" status="SKIP">
          <reporter-output>
          </reporter-output>
        </test-method> <!-- afterMethod -->
        <test-method is-config="true" signature="afterSuite()[pri:0, instance:testClasses.ManageUserTestClass@2dca0d64]" started-at="2024-12-20T09:29:43 IST" name="afterSuite" finished-at="2024-12-20T09:29:43 IST" duration-ms="0" status="SKIP">
          <reporter-output>
          </reporter-output>
        </test-method> <!-- afterSuite -->
      </class> <!-- testClasses.ManageUserTestClass -->
    </test> <!-- EdgeTest -->
    <test started-at="2024-12-20T09:29:43 IST" name="ChromeTest" finished-at="2024-12-20T09:29:43 IST" duration-ms="565">
      <class name="testClasses.ProductListTestClass">
        <test-method is-config="true" signature="beforeClass(java.lang.String)[pri:0, instance:testClasses.ProductListTestClass@12c7a01b]" started-at="2024-12-20T09:29:43 IST" name="beforeClass" finished-at="2024-12-20T09:29:43 IST" duration-ms="0" status="SKIP">
          <reporter-output>
          </reporter-output>
        </test-method> <!-- beforeClass -->
        <test-method is-config="true" signature="beforeMethod()[pri:0, instance:testClasses.ProductListTestClass@12c7a01b]" started-at="2024-12-20T09:29:43 IST" name="beforeMethod" finished-at="2024-12-20T09:29:43 IST" duration-ms="0" status="SKIP">
          <reporter-output>
          </reporter-output>
        </test-method> <!-- beforeMethod -->
        <test-method signature="verifyTheListOfProductPageIsOpenedWhilwClickingOnListProducts()[pri:0, instance:testClasses.ProductListTestClass@12c7a01b]" started-at="2024-12-20T09:29:43 IST" name="verifyTheListOfProductPageIsOpenedWhilwClickingOnListProducts" finished-at="2024-12-20T09:29:43 IST" duration-ms="0" status="SKIP">
          <reporter-output>
          </reporter-output>
        </test-method> <!-- verifyTheListOfProductPageIsOpenedWhilwClickingOnListProducts -->
        <test-method is-config="true" signature="afterMethod()[pri:0, instance:testClasses.ProductListTestClass@12c7a01b]" started-at="2024-12-20T09:29:43 IST" name="afterMethod" finished-at="2024-12-20T09:29:43 IST" duration-ms="0" status="SKIP">
          <reporter-output>
          </reporter-output>
        </test-method> <!-- afterMethod -->
        <test-method is-config="true" signature="beforeMethod()[pri:0, instance:testClasses.ProductListTestClass@12c7a01b]" started-at="2024-12-20T09:29:43 IST" name="beforeMethod" finished-at="2024-12-20T09:29:43 IST" duration-ms="0" status="SKIP">
          <reporter-output>
          </reporter-output>
        </test-method> <!-- beforeMethod -->
        <test-method signature="verifyToCreateAnewProduct()[pri:0, instance:testClasses.ProductListTestClass@12c7a01b]" started-at="2024-12-20T09:29:43 IST" name="verifyToCreateAnewProduct" finished-at="2024-12-20T09:29:43 IST" duration-ms="0" status="SKIP">
          <reporter-output>
          </reporter-output>
        </test-method> <!-- verifyToCreateAnewProduct -->
        <test-method is-config="true" signature="afterMethod()[pri:0, instance:testClasses.ProductListTestClass@12c7a01b]" started-at="2024-12-20T09:29:43 IST" name="afterMethod" finished-at="2024-12-20T09:29:43 IST" duration-ms="0" status="SKIP">
          <reporter-output>
          </reporter-output>
        </test-method> <!-- afterMethod -->
        <test-method is-config="true" signature="beforeMethod()[pri:0, instance:testClasses.ProductListTestClass@12c7a01b]" started-at="2024-12-20T09:29:43 IST" name="beforeMethod" finished-at="2024-12-20T09:29:43 IST" duration-ms="0" status="SKIP">
          <reporter-output>
          </reporter-output>
        </test-method> <!-- beforeMethod -->
        <test-method signature="verifyToDeleteTheAddedProduct()[pri:0, instance:testClasses.ProductListTestClass@12c7a01b]" started-at="2024-12-20T09:29:43 IST" name="verifyToDeleteTheAddedProduct" finished-at="2024-12-20T09:29:43 IST" duration-ms="0" status="SKIP">
          <reporter-output>
          </reporter-output>
        </test-method> <!-- verifyToDeleteTheAddedProduct -->
        <test-method is-config="true" signature="afterMethod()[pri:0, instance:testClasses.ProductListTestClass@12c7a01b]" started-at="2024-12-20T09:29:43 IST" name="afterMethod" finished-at="2024-12-20T09:29:43 IST" duration-ms="0" status="SKIP">
          <reporter-output>
          </reporter-output>
        </test-method> <!-- afterMethod -->
      </class> <!-- testClasses.ProductListTestClass -->
    </test> <!-- ChromeTest -->
  </suite> <!-- Suite -->
</testng-results>
